<?xml version="1.0" encoding="UTF-8"?>
<testsuite xmlns:xsi="http://www.w3.org/2001/XMLSchema-instance" xsi:noNamespaceSchemaLocation="https://maven.apache.org/surefire/maven-surefire-plugin/xsd/surefire-test-report.xsd" name="ButtonsTest.ButtonsTest" time="0.333" tests="8" errors="0" skipped="7" failures="1">
  <properties>
    <property name="gopherProxySet" value="false"/>
    <property name="awt.toolkit" value="sun.lwawt.macosx.LWCToolkit"/>
    <property name="file.encoding.pkg" value="sun.io"/>
    <property name="java.specification.version" value="1.8"/>
    <property name="sun.cpu.isalist" value=""/>
    <property name="sun.jnu.encoding" value="UTF-8"/>
    <property name="java.class.path" value="/Users/joshuasmba/Documents/MobileAutomation2019/UICatalog/target/test-classes:/Users/joshuasmba/Documents/MobileAutomation2019/UICatalog/target/classes:/Users/joshuasmba/.m2/repository/Mobile-Automation-2019/Generic/1.0-SNAPSHOT/Generic-1.0-SNAPSHOT.jar:/Users/joshuasmba/.m2/repository/org/testng/testng/6.9.6/testng-6.9.6.jar:/Users/joshuasmba/.m2/repository/com/google/inject/guice/4.0/guice-4.0-no_aop.jar:/Users/joshuasmba/.m2/repository/javax/inject/javax.inject/1/javax.inject-1.jar:/Users/joshuasmba/.m2/repository/aopalliance/aopalliance/1.0/aopalliance-1.0.jar:/Users/joshuasmba/.m2/repository/org/beanshell/bsh/2.0b4/bsh-2.0b4.jar:/Users/joshuasmba/.m2/repository/org/apache/ant/ant/1.7.0/ant-1.7.0.jar:/Users/joshuasmba/.m2/repository/org/apache/ant/ant-launcher/1.7.0/ant-launcher-1.7.0.jar:/Users/joshuasmba/.m2/repository/com/beust/jcommander/1.48/jcommander-1.48.jar:/Users/joshuasmba/.m2/repository/org/yaml/snakeyaml/1.15/snakeyaml-1.15.jar:/Users/joshuasmba/.m2/repository/junit/junit/4.10/junit-4.10.jar:/Users/joshuasmba/.m2/repository/org/hamcrest/hamcrest-core/1.1/hamcrest-core-1.1.jar:/Users/joshuasmba/.m2/repository/io/appium/java-client/3.1.0/java-client-3.1.0.jar:/Users/joshuasmba/.m2/repository/com/google/code/gson/gson/2.2.4/gson-2.2.4.jar:/Users/joshuasmba/.m2/repository/org/seleniumhq/selenium/selenium-java/2.46.0/selenium-java-2.46.0.jar:/Users/joshuasmba/.m2/repository/org/seleniumhq/selenium/selenium-chrome-driver/2.46.0/selenium-chrome-driver-2.46.0.jar:/Users/joshuasmba/.m2/repository/org/seleniumhq/selenium/selenium-remote-driver/2.46.0/selenium-remote-driver-2.46.0.jar:/Users/joshuasmba/.m2/repository/cglib/cglib-nodep/2.1_3/cglib-nodep-2.1_3.jar:/Users/joshuasmba/.m2/repository/org/seleniumhq/selenium/selenium-api/2.46.0/selenium-api-2.46.0.jar:/Users/joshuasmba/.m2/repository/org/seleniumhq/selenium/selenium-htmlunit-driver/2.46.0/selenium-htmlunit-driver-2.46.0.jar:/Users/joshuasmba/.m2/repository/net/sourceforge/htmlunit/htmlunit/2.17/htmlunit-2.17.jar:/Users/joshuasmba/.m2/repository/xalan/xalan/2.7.2/xalan-2.7.2.jar:/Users/joshuasmba/.m2/repository/xalan/serializer/2.7.2/serializer-2.7.2.jar:/Users/joshuasmba/.m2/repository/commons-collections/commons-collections/3.2.1/commons-collections-3.2.1.jar:/Users/joshuasmba/.m2/repository/org/apache/commons/commons-lang3/3.4/commons-lang3-3.4.jar:/Users/joshuasmba/.m2/repository/org/apache/httpcomponents/httpmime/4.4.1/httpmime-4.4.1.jar:/Users/joshuasmba/.m2/repository/net/sourceforge/htmlunit/htmlunit-core-js/2.17/htmlunit-core-js-2.17.jar:/Users/joshuasmba/.m2/repository/xerces/xercesImpl/2.11.0/xercesImpl-2.11.0.jar:/Users/joshuasmba/.m2/repository/xml-apis/xml-apis/1.4.01/xml-apis-1.4.01.jar:/Users/joshuasmba/.m2/repository/net/sourceforge/nekohtml/nekohtml/1.9.22/nekohtml-1.9.22.jar:/Users/joshuasmba/.m2/repository/net/sourceforge/cssparser/cssparser/0.9.16/cssparser-0.9.16.jar:/Users/joshuasmba/.m2/repository/org/w3c/css/sac/1.3/sac-1.3.jar:/Users/joshuasmba/.m2/repository/org/eclipse/jetty/websocket/websocket-client/9.2.11.v20150529/websocket-client-9.2.11.v20150529.jar:/Users/joshuasmba/.m2/repository/org/eclipse/jetty/jetty-util/9.2.11.v20150529/jetty-util-9.2.11.v20150529.jar:/Users/joshuasmba/.m2/repository/org/eclipse/jetty/jetty-io/9.2.11.v20150529/jetty-io-9.2.11.v20150529.jar:/Users/joshuasmba/.m2/repository/org/eclipse/jetty/websocket/websocket-common/9.2.11.v20150529/websocket-common-9.2.11.v20150529.jar:/Users/joshuasmba/.m2/repository/org/eclipse/jetty/websocket/websocket-api/9.2.11.v20150529/websocket-api-9.2.11.v20150529.jar:/Users/joshuasmba/.m2/repository/org/seleniumhq/selenium/selenium-firefox-driver/2.46.0/selenium-firefox-driver-2.46.0.jar:/Users/joshuasmba/.m2/repository/commons-io/commons-io/2.4/commons-io-2.4.jar:/Users/joshuasmba/.m2/repository/org/apache/commons/commons-exec/1.3/commons-exec-1.3.jar:/Users/joshuasmba/.m2/repository/org/seleniumhq/selenium/selenium-ie-driver/2.46.0/selenium-ie-driver-2.46.0.jar:/Users/joshuasmba/.m2/repository/net/java/dev/jna/jna/4.1.0/jna-4.1.0.jar:/Users/joshuasmba/.m2/repository/net/java/dev/jna/jna-platform/4.1.0/jna-platform-4.1.0.jar:/Users/joshuasmba/.m2/repository/org/seleniumhq/selenium/selenium-safari-driver/2.46.0/selenium-safari-driver-2.46.0.jar:/Users/joshuasmba/.m2/repository/org/seleniumhq/selenium/selenium-support/2.46.0/selenium-support-2.46.0.jar:/Users/joshuasmba/.m2/repository/org/webbitserver/webbit/0.4.14/webbit-0.4.14.jar:/Users/joshuasmba/.m2/repository/io/netty/netty/3.5.2.Final/netty-3.5.2.Final.jar:/Users/joshuasmba/.m2/repository/org/seleniumhq/selenium/selenium-leg-rc/2.46.0/selenium-leg-rc-2.46.0.jar:/Users/joshuasmba/.m2/repository/org/apache/httpcomponents/httpclient/4.3.3/httpclient-4.3.3.jar:/Users/joshuasmba/.m2/repository/org/apache/httpcomponents/httpcore/4.3.2/httpcore-4.3.2.jar:/Users/joshuasmba/.m2/repository/commons-logging/commons-logging/1.1.3/commons-logging-1.1.3.jar:/Users/joshuasmba/.m2/repository/com/google/guava/guava/17.0/guava-17.0.jar:/Users/joshuasmba/.m2/repository/cglib/cglib/3.1/cglib-3.1.jar:/Users/joshuasmba/.m2/repository/org/ow2/asm/asm/4.2/asm-4.2.jar:/Users/joshuasmba/.m2/repository/org/apache/poi/poi/3.13-beta1/poi-3.13-beta1.jar:/Users/joshuasmba/.m2/repository/commons-codec/commons-codec/1.9/commons-codec-1.9.jar:/Users/joshuasmba/.m2/repository/org/apache/maven/surefire/surefire-testng-utils/2.20.1/surefire-testng-utils-2.20.1.jar:/Users/joshuasmba/.m2/repository/org/apache/maven/surefire/surefire-grouper/2.20.1/surefire-grouper-2.20.1.jar:"/>
    <property name="java.vm.vendor" value="Oracle Corporation"/>
    <property name="sun.arch.data.model" value="64"/>
    <property name="java.vendor.url" value="http://java.oracle.com/"/>
    <property name="user.timezone" value=""/>
    <property name="java.vm.specification.version" value="1.8"/>
    <property name="os.name" value="Mac OS X"/>
    <property name="user.country" value="US"/>
    <property name="sun.java.launcher" value="SUN_STANDARD"/>
    <property name="sun.boot.library.path" value="/Library/Java/JavaVirtualMachines/jdk1.8.0_191.jdk/Contents/Home/jre/lib"/>
    <property name="sun.java.command" value="/Users/joshuasmba/Documents/MobileAutomation2019/UICatalog/target/surefire/surefirebooter323710125433629745.jar /Users/joshuasmba/Documents/MobileAutomation2019/UICatalog/target/surefire 2019-01-24T19-24-31_702-jvmRun1 surefire4750198840724172732tmp surefire_05869606957471385856tmp"/>
    <property name="http.nonProxyHosts" value="local|*.local|169.254/16|*.169.254/16"/>
    <property name="surefire.test.class.path" value="/Users/joshuasmba/Documents/MobileAutomation2019/UICatalog/target/test-classes:/Users/joshuasmba/Documents/MobileAutomation2019/UICatalog/target/classes:/Users/joshuasmba/.m2/repository/Mobile-Automation-2019/Generic/1.0-SNAPSHOT/Generic-1.0-SNAPSHOT.jar:/Users/joshuasmba/.m2/repository/org/testng/testng/6.9.6/testng-6.9.6.jar:/Users/joshuasmba/.m2/repository/com/google/inject/guice/4.0/guice-4.0-no_aop.jar:/Users/joshuasmba/.m2/repository/javax/inject/javax.inject/1/javax.inject-1.jar:/Users/joshuasmba/.m2/repository/aopalliance/aopalliance/1.0/aopalliance-1.0.jar:/Users/joshuasmba/.m2/repository/org/beanshell/bsh/2.0b4/bsh-2.0b4.jar:/Users/joshuasmba/.m2/repository/org/apache/ant/ant/1.7.0/ant-1.7.0.jar:/Users/joshuasmba/.m2/repository/org/apache/ant/ant-launcher/1.7.0/ant-launcher-1.7.0.jar:/Users/joshuasmba/.m2/repository/com/beust/jcommander/1.48/jcommander-1.48.jar:/Users/joshuasmba/.m2/repository/org/yaml/snakeyaml/1.15/snakeyaml-1.15.jar:/Users/joshuasmba/.m2/repository/junit/junit/4.10/junit-4.10.jar:/Users/joshuasmba/.m2/repository/org/hamcrest/hamcrest-core/1.1/hamcrest-core-1.1.jar:/Users/joshuasmba/.m2/repository/io/appium/java-client/3.1.0/java-client-3.1.0.jar:/Users/joshuasmba/.m2/repository/com/google/code/gson/gson/2.2.4/gson-2.2.4.jar:/Users/joshuasmba/.m2/repository/org/seleniumhq/selenium/selenium-java/2.46.0/selenium-java-2.46.0.jar:/Users/joshuasmba/.m2/repository/org/seleniumhq/selenium/selenium-chrome-driver/2.46.0/selenium-chrome-driver-2.46.0.jar:/Users/joshuasmba/.m2/repository/org/seleniumhq/selenium/selenium-remote-driver/2.46.0/selenium-remote-driver-2.46.0.jar:/Users/joshuasmba/.m2/repository/cglib/cglib-nodep/2.1_3/cglib-nodep-2.1_3.jar:/Users/joshuasmba/.m2/repository/org/seleniumhq/selenium/selenium-api/2.46.0/selenium-api-2.46.0.jar:/Users/joshuasmba/.m2/repository/org/seleniumhq/selenium/selenium-htmlunit-driver/2.46.0/selenium-htmlunit-driver-2.46.0.jar:/Users/joshuasmba/.m2/repository/net/sourceforge/htmlunit/htmlunit/2.17/htmlunit-2.17.jar:/Users/joshuasmba/.m2/repository/xalan/xalan/2.7.2/xalan-2.7.2.jar:/Users/joshuasmba/.m2/repository/xalan/serializer/2.7.2/serializer-2.7.2.jar:/Users/joshuasmba/.m2/repository/commons-collections/commons-collections/3.2.1/commons-collections-3.2.1.jar:/Users/joshuasmba/.m2/repository/org/apache/commons/commons-lang3/3.4/commons-lang3-3.4.jar:/Users/joshuasmba/.m2/repository/org/apache/httpcomponents/httpmime/4.4.1/httpmime-4.4.1.jar:/Users/joshuasmba/.m2/repository/net/sourceforge/htmlunit/htmlunit-core-js/2.17/htmlunit-core-js-2.17.jar:/Users/joshuasmba/.m2/repository/xerces/xercesImpl/2.11.0/xercesImpl-2.11.0.jar:/Users/joshuasmba/.m2/repository/xml-apis/xml-apis/1.4.01/xml-apis-1.4.01.jar:/Users/joshuasmba/.m2/repository/net/sourceforge/nekohtml/nekohtml/1.9.22/nekohtml-1.9.22.jar:/Users/joshuasmba/.m2/repository/net/sourceforge/cssparser/cssparser/0.9.16/cssparser-0.9.16.jar:/Users/joshuasmba/.m2/repository/org/w3c/css/sac/1.3/sac-1.3.jar:/Users/joshuasmba/.m2/repository/org/eclipse/jetty/websocket/websocket-client/9.2.11.v20150529/websocket-client-9.2.11.v20150529.jar:/Users/joshuasmba/.m2/repository/org/eclipse/jetty/jetty-util/9.2.11.v20150529/jetty-util-9.2.11.v20150529.jar:/Users/joshuasmba/.m2/repository/org/eclipse/jetty/jetty-io/9.2.11.v20150529/jetty-io-9.2.11.v20150529.jar:/Users/joshuasmba/.m2/repository/org/eclipse/jetty/websocket/websocket-common/9.2.11.v20150529/websocket-common-9.2.11.v20150529.jar:/Users/joshuasmba/.m2/repository/org/eclipse/jetty/websocket/websocket-api/9.2.11.v20150529/websocket-api-9.2.11.v20150529.jar:/Users/joshuasmba/.m2/repository/org/seleniumhq/selenium/selenium-firefox-driver/2.46.0/selenium-firefox-driver-2.46.0.jar:/Users/joshuasmba/.m2/repository/commons-io/commons-io/2.4/commons-io-2.4.jar:/Users/joshuasmba/.m2/repository/org/apache/commons/commons-exec/1.3/commons-exec-1.3.jar:/Users/joshuasmba/.m2/repository/org/seleniumhq/selenium/selenium-ie-driver/2.46.0/selenium-ie-driver-2.46.0.jar:/Users/joshuasmba/.m2/repository/net/java/dev/jna/jna/4.1.0/jna-4.1.0.jar:/Users/joshuasmba/.m2/repository/net/java/dev/jna/jna-platform/4.1.0/jna-platform-4.1.0.jar:/Users/joshuasmba/.m2/repository/org/seleniumhq/selenium/selenium-safari-driver/2.46.0/selenium-safari-driver-2.46.0.jar:/Users/joshuasmba/.m2/repository/org/seleniumhq/selenium/selenium-support/2.46.0/selenium-support-2.46.0.jar:/Users/joshuasmba/.m2/repository/org/webbitserver/webbit/0.4.14/webbit-0.4.14.jar:/Users/joshuasmba/.m2/repository/io/netty/netty/3.5.2.Final/netty-3.5.2.Final.jar:/Users/joshuasmba/.m2/repository/org/seleniumhq/selenium/selenium-leg-rc/2.46.0/selenium-leg-rc-2.46.0.jar:/Users/joshuasmba/.m2/repository/org/apache/httpcomponents/httpclient/4.3.3/httpclient-4.3.3.jar:/Users/joshuasmba/.m2/repository/org/apache/httpcomponents/httpcore/4.3.2/httpcore-4.3.2.jar:/Users/joshuasmba/.m2/repository/commons-logging/commons-logging/1.1.3/commons-logging-1.1.3.jar:/Users/joshuasmba/.m2/repository/com/google/guava/guava/17.0/guava-17.0.jar:/Users/joshuasmba/.m2/repository/cglib/cglib/3.1/cglib-3.1.jar:/Users/joshuasmba/.m2/repository/org/ow2/asm/asm/4.2/asm-4.2.jar:/Users/joshuasmba/.m2/repository/org/apache/poi/poi/3.13-beta1/poi-3.13-beta1.jar:/Users/joshuasmba/.m2/repository/commons-codec/commons-codec/1.9/commons-codec-1.9.jar:/Users/joshuasmba/.m2/repository/org/apache/maven/surefire/surefire-testng-utils/2.20.1/surefire-testng-utils-2.20.1.jar:/Users/joshuasmba/.m2/repository/org/apache/maven/surefire/surefire-grouper/2.20.1/surefire-grouper-2.20.1.jar:"/>
    <property name="sun.cpu.endian" value="little"/>
    <property name="user.home" value="/Users/joshuasmba"/>
    <property name="user.language" value="en"/>
    <property name="java.specification.vendor" value="Oracle Corporation"/>
    <property name="java.home" value="/Library/Java/JavaVirtualMachines/jdk1.8.0_191.jdk/Contents/Home/jre"/>
    <property name="basedir" value="/Users/joshuasmba/Documents/MobileAutomation2019/UICatalog"/>
    <property name="file.separator" value="/"/>
    <property name="line.separator" value="&#10;"/>
    <property name="java.vm.specification.vendor" value="Oracle Corporation"/>
    <property name="java.specification.name" value="Java Platform API Specification"/>
    <property name="java.awt.graphicsenv" value="sun.awt.CGraphicsEnvironment"/>
    <property name="surefire.real.class.path" value="/Users/joshuasmba/Documents/MobileAutomation2019/UICatalog/target/surefire/surefirebooter323710125433629745.jar"/>
    <property name="sun.boot.class.path" value="/Library/Java/JavaVirtualMachines/jdk1.8.0_191.jdk/Contents/Home/jre/lib/resources.jar:/Library/Java/JavaVirtualMachines/jdk1.8.0_191.jdk/Contents/Home/jre/lib/rt.jar:/Library/Java/JavaVirtualMachines/jdk1.8.0_191.jdk/Contents/Home/jre/lib/sunrsasign.jar:/Library/Java/JavaVirtualMachines/jdk1.8.0_191.jdk/Contents/Home/jre/lib/jsse.jar:/Library/Java/JavaVirtualMachines/jdk1.8.0_191.jdk/Contents/Home/jre/lib/jce.jar:/Library/Java/JavaVirtualMachines/jdk1.8.0_191.jdk/Contents/Home/jre/lib/charsets.jar:/Library/Java/JavaVirtualMachines/jdk1.8.0_191.jdk/Contents/Home/jre/lib/jfr.jar:/Library/Java/JavaVirtualMachines/jdk1.8.0_191.jdk/Contents/Home/jre/classes"/>
    <property name="sun.management.compiler" value="HotSpot 64-Bit Tiered Compilers"/>
    <property name="ftp.nonProxyHosts" value="local|*.local|169.254/16|*.169.254/16"/>
    <property name="java.runtime.version" value="1.8.0_191-b12"/>
    <property name="user.name" value="joshuasmba"/>
    <property name="path.separator" value=":"/>
    <property name="os.version" value="10.14.1"/>
    <property name="java.endorsed.dirs" value="/Library/Java/JavaVirtualMachines/jdk1.8.0_191.jdk/Contents/Home/jre/lib/endorsed"/>
    <property name="java.runtime.name" value="Java(TM) SE Runtime Environment"/>
    <property name="file.encoding" value="UTF-8"/>
    <property name="java.vm.name" value="Java HotSpot(TM) 64-Bit Server VM"/>
    <property name="localRepository" value="/Users/joshuasmba/.m2/repository"/>
    <property name="java.vendor.url.bug" value="http://bugreport.sun.com/bugreport/"/>
    <property name="java.io.tmpdir" value="/var/folders/y6/2p620w_j1d9dwvt81_9c5fsw0000gn/T/"/>
    <property name="idea.version" value="2018.2.7"/>
    <property name="java.version" value="1.8.0_191"/>
    <property name="user.dir" value="/Users/joshuasmba/Documents/MobileAutomation2019/UICatalog"/>
    <property name="os.arch" value="x86_64"/>
    <property name="java.vm.specification.name" value="Java Virtual Machine Specification"/>
    <property name="java.awt.printerjob" value="sun.lwawt.macosx.CPrinterJob"/>
    <property name="sun.os.patch.level" value="unknown"/>
    <property name="java.library.path" value="/Users/joshuasmba/Library/Java/Extensions:/Library/Java/Extensions:/Network/Library/Java/Extensions:/System/Library/Java/Extensions:/usr/lib/java:."/>
    <property name="java.vm.info" value="mixed mode"/>
    <property name="java.vendor" value="Oracle Corporation"/>
    <property name="java.vm.version" value="25.191-b12"/>
    <property name="java.ext.dirs" value="/Users/joshuasmba/Library/Java/Extensions:/Library/Java/JavaVirtualMachines/jdk1.8.0_191.jdk/Contents/Home/jre/lib/ext:/Library/Java/Extensions:/Network/Library/Java/Extensions:/System/Library/Java/Extensions:/usr/lib/java"/>
    <property name="sun.io.unicode.encoding" value="UnicodeBig"/>
    <property name="java.class.version" value="52.0"/>
    <property name="socksNonProxyHosts" value="local|*.local|169.254/16|*.169.254/16"/>
  </properties>
  <testcase name="setUp" classname="ButtonsTest.ButtonsTest" time="0.222">
    <failure message="&#10;Parameter &apos;OS&apos; is required by @Configuration on method setUp but has not been marked @Optional or defined&#10;" type="org.testng.TestNGException">org.testng.TestNGException: 

Parameter 'OS' is required by @Configuration on method setUp but has not been marked @Optional or defined

</failure>
  </testcase>
  <testcase name="setUp" classname="ButtonsTest.ButtonsTest" time="0">
    <skipped/>
  </testcase>
  <testcase name="navigate" classname="ButtonsTest.ButtonsTest" time="0">
    <skipped/>
  </testcase>
  <testcase name="navigate" classname="ButtonsTest.ButtonsTest" time="0">
    <skipped/>
  </testcase>
  <testcase name="buttonsTest" classname="ButtonsTest.ButtonsTest" time="0">
    <skipped/>
  </testcase>
  <testcase name="cleanUpApp" classname="ButtonsTest.ButtonsTest" time="0">
    <skipped/>
  </testcase>
  <testcase name="cleanUpApp" classname="ButtonsTest.ButtonsTest" time="0">
    <skipped/>
  </testcase>
  <testcase name="grayButtonTest" classname="ButtonsTest.ButtonsTest" time="0">
    <skipped/>
  </testcase>
</testsuite>